ARM GAS  /tmp/ccu7U7Gr.s 			page 1


   1              		.cpu cortex-m7
   2              		.arch armv7e-m
   3              		.fpu fpv5-sp-d16
   4              		.eabi_attribute 27, 1
   5              		.eabi_attribute 28, 1
   6              		.eabi_attribute 20, 1
   7              		.eabi_attribute 21, 1
   8              		.eabi_attribute 23, 3
   9              		.eabi_attribute 24, 1
  10              		.eabi_attribute 25, 1
  11              		.eabi_attribute 26, 1
  12              		.eabi_attribute 30, 1
  13              		.eabi_attribute 34, 1
  14              		.eabi_attribute 18, 4
  15              		.file	"usart.c"
  16              		.text
  17              	.Ltext0:
  18              		.cfi_sections	.debug_frame
  19              		.section	.text.MX_USART3_UART_Init,"ax",%progbits
  20              		.align	1
  21              		.global	MX_USART3_UART_Init
  22              		.syntax unified
  23              		.thumb
  24              		.thumb_func
  26              	MX_USART3_UART_Init:
  27              	.LFB141:
  28              		.file 1 "Core/Src/usart.c"
   1:Core/Src/usart.c **** /* USER CODE BEGIN Header */
   2:Core/Src/usart.c **** /**
   3:Core/Src/usart.c ****   ******************************************************************************
   4:Core/Src/usart.c ****   * @file    usart.c
   5:Core/Src/usart.c ****   * @brief   This file provides code for the configuration
   6:Core/Src/usart.c ****   *          of the USART instances.
   7:Core/Src/usart.c ****   ******************************************************************************
   8:Core/Src/usart.c ****   * @attention
   9:Core/Src/usart.c ****   *
  10:Core/Src/usart.c ****   * Copyright (c) 2022 STMicroelectronics.
  11:Core/Src/usart.c ****   * All rights reserved.
  12:Core/Src/usart.c ****   *
  13:Core/Src/usart.c ****   * This software is licensed under terms that can be found in the LICENSE file
  14:Core/Src/usart.c ****   * in the root directory of this software component.
  15:Core/Src/usart.c ****   * If no LICENSE file comes with this software, it is provided AS-IS.
  16:Core/Src/usart.c ****   *
  17:Core/Src/usart.c ****   ******************************************************************************
  18:Core/Src/usart.c ****   */
  19:Core/Src/usart.c **** /* USER CODE END Header */
  20:Core/Src/usart.c **** /* Includes ------------------------------------------------------------------*/
  21:Core/Src/usart.c **** #include "usart.h"
  22:Core/Src/usart.c **** 
  23:Core/Src/usart.c **** /* USER CODE BEGIN 0 */
  24:Core/Src/usart.c **** 
  25:Core/Src/usart.c **** /* USER CODE END 0 */
  26:Core/Src/usart.c **** 
  27:Core/Src/usart.c **** UART_HandleTypeDef huart3;
  28:Core/Src/usart.c **** 
  29:Core/Src/usart.c **** /* USART3 init function */
  30:Core/Src/usart.c **** 
ARM GAS  /tmp/ccu7U7Gr.s 			page 2


  31:Core/Src/usart.c **** void MX_USART3_UART_Init(void)
  32:Core/Src/usart.c **** {
  29              		.loc 1 32 1 view -0
  30              		.cfi_startproc
  31              		@ args = 0, pretend = 0, frame = 0
  32              		@ frame_needed = 0, uses_anonymous_args = 0
  33 0000 08B5     		push	{r3, lr}
  34              	.LCFI0:
  35              		.cfi_def_cfa_offset 8
  36              		.cfi_offset 3, -8
  37              		.cfi_offset 14, -4
  33:Core/Src/usart.c **** 
  34:Core/Src/usart.c ****   /* USER CODE BEGIN USART3_Init 0 */
  35:Core/Src/usart.c **** 
  36:Core/Src/usart.c ****   /* USER CODE END USART3_Init 0 */
  37:Core/Src/usart.c **** 
  38:Core/Src/usart.c ****   /* USER CODE BEGIN USART3_Init 1 */
  39:Core/Src/usart.c **** 
  40:Core/Src/usart.c ****   /* USER CODE END USART3_Init 1 */
  41:Core/Src/usart.c ****   huart3.Instance = USART3;
  38              		.loc 1 41 3 view .LVU1
  39              		.loc 1 41 19 is_stmt 0 view .LVU2
  40 0002 0B48     		ldr	r0, .L5
  41 0004 0B4B     		ldr	r3, .L5+4
  42 0006 0360     		str	r3, [r0]
  42:Core/Src/usart.c ****   huart3.Init.BaudRate = 115200;
  43              		.loc 1 42 3 is_stmt 1 view .LVU3
  44              		.loc 1 42 24 is_stmt 0 view .LVU4
  45 0008 4FF4E133 		mov	r3, #115200
  46 000c 4360     		str	r3, [r0, #4]
  43:Core/Src/usart.c ****   huart3.Init.WordLength = UART_WORDLENGTH_8B;
  47              		.loc 1 43 3 is_stmt 1 view .LVU5
  48              		.loc 1 43 26 is_stmt 0 view .LVU6
  49 000e 0023     		movs	r3, #0
  50 0010 8360     		str	r3, [r0, #8]
  44:Core/Src/usart.c ****   huart3.Init.StopBits = UART_STOPBITS_1;
  51              		.loc 1 44 3 is_stmt 1 view .LVU7
  52              		.loc 1 44 24 is_stmt 0 view .LVU8
  53 0012 C360     		str	r3, [r0, #12]
  45:Core/Src/usart.c ****   huart3.Init.Parity = UART_PARITY_NONE;
  54              		.loc 1 45 3 is_stmt 1 view .LVU9
  55              		.loc 1 45 22 is_stmt 0 view .LVU10
  56 0014 0361     		str	r3, [r0, #16]
  46:Core/Src/usart.c ****   huart3.Init.Mode = UART_MODE_TX_RX;
  57              		.loc 1 46 3 is_stmt 1 view .LVU11
  58              		.loc 1 46 20 is_stmt 0 view .LVU12
  59 0016 0C22     		movs	r2, #12
  60 0018 4261     		str	r2, [r0, #20]
  47:Core/Src/usart.c ****   huart3.Init.HwFlowCtl = UART_HWCONTROL_NONE;
  61              		.loc 1 47 3 is_stmt 1 view .LVU13
  62              		.loc 1 47 25 is_stmt 0 view .LVU14
  63 001a 8361     		str	r3, [r0, #24]
  48:Core/Src/usart.c ****   huart3.Init.OverSampling = UART_OVERSAMPLING_16;
  64              		.loc 1 48 3 is_stmt 1 view .LVU15
  65              		.loc 1 48 28 is_stmt 0 view .LVU16
  66 001c C361     		str	r3, [r0, #28]
  49:Core/Src/usart.c ****   huart3.Init.OneBitSampling = UART_ONE_BIT_SAMPLE_DISABLE;
ARM GAS  /tmp/ccu7U7Gr.s 			page 3


  67              		.loc 1 49 3 is_stmt 1 view .LVU17
  68              		.loc 1 49 30 is_stmt 0 view .LVU18
  69 001e 0362     		str	r3, [r0, #32]
  50:Core/Src/usart.c ****   huart3.AdvancedInit.AdvFeatureInit = UART_ADVFEATURE_NO_INIT;
  70              		.loc 1 50 3 is_stmt 1 view .LVU19
  71              		.loc 1 50 38 is_stmt 0 view .LVU20
  72 0020 4362     		str	r3, [r0, #36]
  51:Core/Src/usart.c ****   if (HAL_UART_Init(&huart3) != HAL_OK)
  73              		.loc 1 51 3 is_stmt 1 view .LVU21
  74              		.loc 1 51 7 is_stmt 0 view .LVU22
  75 0022 FFF7FEFF 		bl	HAL_UART_Init
  76              	.LVL0:
  77              		.loc 1 51 6 view .LVU23
  78 0026 00B9     		cbnz	r0, .L4
  79              	.L1:
  52:Core/Src/usart.c ****   {
  53:Core/Src/usart.c ****     Error_Handler();
  54:Core/Src/usart.c ****   }
  55:Core/Src/usart.c ****   /* USER CODE BEGIN USART3_Init 2 */
  56:Core/Src/usart.c **** 
  57:Core/Src/usart.c ****   /* USER CODE END USART3_Init 2 */
  58:Core/Src/usart.c **** 
  59:Core/Src/usart.c **** }
  80              		.loc 1 59 1 view .LVU24
  81 0028 08BD     		pop	{r3, pc}
  82              	.L4:
  53:Core/Src/usart.c ****   }
  83              		.loc 1 53 5 is_stmt 1 view .LVU25
  84 002a FFF7FEFF 		bl	Error_Handler
  85              	.LVL1:
  86              		.loc 1 59 1 is_stmt 0 view .LVU26
  87 002e FBE7     		b	.L1
  88              	.L6:
  89              		.align	2
  90              	.L5:
  91 0030 00000000 		.word	.LANCHOR0
  92 0034 00480040 		.word	1073760256
  93              		.cfi_endproc
  94              	.LFE141:
  96              		.section	.text.HAL_UART_MspInit,"ax",%progbits
  97              		.align	1
  98              		.global	HAL_UART_MspInit
  99              		.syntax unified
 100              		.thumb
 101              		.thumb_func
 103              	HAL_UART_MspInit:
 104              	.LVL2:
 105              	.LFB142:
  60:Core/Src/usart.c **** 
  61:Core/Src/usart.c **** void HAL_UART_MspInit(UART_HandleTypeDef* uartHandle)
  62:Core/Src/usart.c **** {
 106              		.loc 1 62 1 is_stmt 1 view -0
 107              		.cfi_startproc
 108              		@ args = 0, pretend = 0, frame = 160
 109              		@ frame_needed = 0, uses_anonymous_args = 0
 110              		.loc 1 62 1 is_stmt 0 view .LVU28
 111 0000 10B5     		push	{r4, lr}
ARM GAS  /tmp/ccu7U7Gr.s 			page 4


 112              	.LCFI1:
 113              		.cfi_def_cfa_offset 8
 114              		.cfi_offset 4, -8
 115              		.cfi_offset 14, -4
 116 0002 A8B0     		sub	sp, sp, #160
 117              	.LCFI2:
 118              		.cfi_def_cfa_offset 168
 119 0004 0446     		mov	r4, r0
  63:Core/Src/usart.c **** 
  64:Core/Src/usart.c ****   GPIO_InitTypeDef GPIO_InitStruct = {0};
 120              		.loc 1 64 3 is_stmt 1 view .LVU29
 121              		.loc 1 64 20 is_stmt 0 view .LVU30
 122 0006 0021     		movs	r1, #0
 123 0008 2391     		str	r1, [sp, #140]
 124 000a 2491     		str	r1, [sp, #144]
 125 000c 2591     		str	r1, [sp, #148]
 126 000e 2691     		str	r1, [sp, #152]
 127 0010 2791     		str	r1, [sp, #156]
  65:Core/Src/usart.c ****   RCC_PeriphCLKInitTypeDef PeriphClkInitStruct = {0};
 128              		.loc 1 65 3 is_stmt 1 view .LVU31
 129              		.loc 1 65 28 is_stmt 0 view .LVU32
 130 0012 8422     		movs	r2, #132
 131 0014 02A8     		add	r0, sp, #8
 132              	.LVL3:
 133              		.loc 1 65 28 view .LVU33
 134 0016 FFF7FEFF 		bl	memset
 135              	.LVL4:
  66:Core/Src/usart.c ****   if(uartHandle->Instance==USART3)
 136              		.loc 1 66 3 is_stmt 1 view .LVU34
 137              		.loc 1 66 16 is_stmt 0 view .LVU35
 138 001a 2268     		ldr	r2, [r4]
 139              		.loc 1 66 5 view .LVU36
 140 001c 1C4B     		ldr	r3, .L13
 141 001e 9A42     		cmp	r2, r3
 142 0020 01D0     		beq	.L11
 143              	.LVL5:
 144              	.L7:
  67:Core/Src/usart.c ****   {
  68:Core/Src/usart.c ****   /* USER CODE BEGIN USART3_MspInit 0 */
  69:Core/Src/usart.c **** 
  70:Core/Src/usart.c ****   /* USER CODE END USART3_MspInit 0 */
  71:Core/Src/usart.c **** 
  72:Core/Src/usart.c ****   /** Initializes the peripherals clock
  73:Core/Src/usart.c ****   */
  74:Core/Src/usart.c ****     PeriphClkInitStruct.PeriphClockSelection = RCC_PERIPHCLK_USART3;
  75:Core/Src/usart.c ****     PeriphClkInitStruct.Usart3ClockSelection = RCC_USART3CLKSOURCE_PCLK1;
  76:Core/Src/usart.c ****     if (HAL_RCCEx_PeriphCLKConfig(&PeriphClkInitStruct) != HAL_OK)
  77:Core/Src/usart.c ****     {
  78:Core/Src/usart.c ****       Error_Handler();
  79:Core/Src/usart.c ****     }
  80:Core/Src/usart.c **** 
  81:Core/Src/usart.c ****     /* USART3 clock enable */
  82:Core/Src/usart.c ****     __HAL_RCC_USART3_CLK_ENABLE();
  83:Core/Src/usart.c **** 
  84:Core/Src/usart.c ****     __HAL_RCC_GPIOD_CLK_ENABLE();
  85:Core/Src/usart.c ****     /**USART3 GPIO Configuration
  86:Core/Src/usart.c ****     PD8     ------> USART3_TX
ARM GAS  /tmp/ccu7U7Gr.s 			page 5


  87:Core/Src/usart.c ****     PD9     ------> USART3_RX
  88:Core/Src/usart.c ****     */
  89:Core/Src/usart.c ****     GPIO_InitStruct.Pin = STLK_RX_Pin|STLK_TX_Pin;
  90:Core/Src/usart.c ****     GPIO_InitStruct.Mode = GPIO_MODE_AF_PP;
  91:Core/Src/usart.c ****     GPIO_InitStruct.Pull = GPIO_NOPULL;
  92:Core/Src/usart.c ****     GPIO_InitStruct.Speed = GPIO_SPEED_FREQ_VERY_HIGH;
  93:Core/Src/usart.c ****     GPIO_InitStruct.Alternate = GPIO_AF7_USART3;
  94:Core/Src/usart.c ****     HAL_GPIO_Init(GPIOD, &GPIO_InitStruct);
  95:Core/Src/usart.c **** 
  96:Core/Src/usart.c ****     /* USART3 interrupt Init */
  97:Core/Src/usart.c ****     HAL_NVIC_SetPriority(USART3_IRQn, 1, 0);
  98:Core/Src/usart.c ****     HAL_NVIC_EnableIRQ(USART3_IRQn);
  99:Core/Src/usart.c ****   /* USER CODE BEGIN USART3_MspInit 1 */
 100:Core/Src/usart.c **** 
 101:Core/Src/usart.c ****   /* USER CODE END USART3_MspInit 1 */
 102:Core/Src/usart.c ****   }
 103:Core/Src/usart.c **** }
 145              		.loc 1 103 1 view .LVU37
 146 0022 28B0     		add	sp, sp, #160
 147              	.LCFI3:
 148              		.cfi_remember_state
 149              		.cfi_def_cfa_offset 8
 150              		@ sp needed
 151 0024 10BD     		pop	{r4, pc}
 152              	.LVL6:
 153              	.L11:
 154              	.LCFI4:
 155              		.cfi_restore_state
  74:Core/Src/usart.c ****     PeriphClkInitStruct.Usart3ClockSelection = RCC_USART3CLKSOURCE_PCLK1;
 156              		.loc 1 74 5 is_stmt 1 view .LVU38
  74:Core/Src/usart.c ****     PeriphClkInitStruct.Usart3ClockSelection = RCC_USART3CLKSOURCE_PCLK1;
 157              		.loc 1 74 46 is_stmt 0 view .LVU39
 158 0026 4FF48073 		mov	r3, #256
 159 002a 0293     		str	r3, [sp, #8]
  75:Core/Src/usart.c ****     if (HAL_RCCEx_PeriphCLKConfig(&PeriphClkInitStruct) != HAL_OK)
 160              		.loc 1 75 5 is_stmt 1 view .LVU40
  76:Core/Src/usart.c ****     {
 161              		.loc 1 76 5 view .LVU41
  76:Core/Src/usart.c ****     {
 162              		.loc 1 76 9 is_stmt 0 view .LVU42
 163 002c 02A8     		add	r0, sp, #8
 164 002e FFF7FEFF 		bl	HAL_RCCEx_PeriphCLKConfig
 165              	.LVL7:
  76:Core/Src/usart.c ****     {
 166              		.loc 1 76 8 view .LVU43
 167 0032 50BB     		cbnz	r0, .L12
 168              	.L9:
  82:Core/Src/usart.c **** 
 169              		.loc 1 82 5 is_stmt 1 view .LVU44
 170              	.LBB2:
  82:Core/Src/usart.c **** 
 171              		.loc 1 82 5 view .LVU45
  82:Core/Src/usart.c **** 
 172              		.loc 1 82 5 view .LVU46
 173 0034 174B     		ldr	r3, .L13+4
 174 0036 1A6C     		ldr	r2, [r3, #64]
 175 0038 42F48022 		orr	r2, r2, #262144
ARM GAS  /tmp/ccu7U7Gr.s 			page 6


 176 003c 1A64     		str	r2, [r3, #64]
  82:Core/Src/usart.c **** 
 177              		.loc 1 82 5 view .LVU47
 178 003e 1A6C     		ldr	r2, [r3, #64]
 179 0040 02F48022 		and	r2, r2, #262144
 180 0044 0092     		str	r2, [sp]
  82:Core/Src/usart.c **** 
 181              		.loc 1 82 5 view .LVU48
 182 0046 009A     		ldr	r2, [sp]
 183              	.LBE2:
  82:Core/Src/usart.c **** 
 184              		.loc 1 82 5 view .LVU49
  84:Core/Src/usart.c ****     /**USART3 GPIO Configuration
 185              		.loc 1 84 5 view .LVU50
 186              	.LBB3:
  84:Core/Src/usart.c ****     /**USART3 GPIO Configuration
 187              		.loc 1 84 5 view .LVU51
  84:Core/Src/usart.c ****     /**USART3 GPIO Configuration
 188              		.loc 1 84 5 view .LVU52
 189 0048 1A6B     		ldr	r2, [r3, #48]
 190 004a 42F00802 		orr	r2, r2, #8
 191 004e 1A63     		str	r2, [r3, #48]
  84:Core/Src/usart.c ****     /**USART3 GPIO Configuration
 192              		.loc 1 84 5 view .LVU53
 193 0050 1B6B     		ldr	r3, [r3, #48]
 194 0052 03F00803 		and	r3, r3, #8
 195 0056 0193     		str	r3, [sp, #4]
  84:Core/Src/usart.c ****     /**USART3 GPIO Configuration
 196              		.loc 1 84 5 view .LVU54
 197 0058 019B     		ldr	r3, [sp, #4]
 198              	.LBE3:
  84:Core/Src/usart.c ****     /**USART3 GPIO Configuration
 199              		.loc 1 84 5 view .LVU55
  89:Core/Src/usart.c ****     GPIO_InitStruct.Mode = GPIO_MODE_AF_PP;
 200              		.loc 1 89 5 view .LVU56
  89:Core/Src/usart.c ****     GPIO_InitStruct.Mode = GPIO_MODE_AF_PP;
 201              		.loc 1 89 25 is_stmt 0 view .LVU57
 202 005a 4FF44073 		mov	r3, #768
 203 005e 2393     		str	r3, [sp, #140]
  90:Core/Src/usart.c ****     GPIO_InitStruct.Pull = GPIO_NOPULL;
 204              		.loc 1 90 5 is_stmt 1 view .LVU58
  90:Core/Src/usart.c ****     GPIO_InitStruct.Pull = GPIO_NOPULL;
 205              		.loc 1 90 26 is_stmt 0 view .LVU59
 206 0060 0223     		movs	r3, #2
 207 0062 2493     		str	r3, [sp, #144]
  91:Core/Src/usart.c ****     GPIO_InitStruct.Speed = GPIO_SPEED_FREQ_VERY_HIGH;
 208              		.loc 1 91 5 is_stmt 1 view .LVU60
  91:Core/Src/usart.c ****     GPIO_InitStruct.Speed = GPIO_SPEED_FREQ_VERY_HIGH;
 209              		.loc 1 91 26 is_stmt 0 view .LVU61
 210 0064 0024     		movs	r4, #0
 211              	.LVL8:
  91:Core/Src/usart.c ****     GPIO_InitStruct.Speed = GPIO_SPEED_FREQ_VERY_HIGH;
 212              		.loc 1 91 26 view .LVU62
 213 0066 2594     		str	r4, [sp, #148]
  92:Core/Src/usart.c ****     GPIO_InitStruct.Alternate = GPIO_AF7_USART3;
 214              		.loc 1 92 5 is_stmt 1 view .LVU63
  92:Core/Src/usart.c ****     GPIO_InitStruct.Alternate = GPIO_AF7_USART3;
ARM GAS  /tmp/ccu7U7Gr.s 			page 7


 215              		.loc 1 92 27 is_stmt 0 view .LVU64
 216 0068 0323     		movs	r3, #3
 217 006a 2693     		str	r3, [sp, #152]
  93:Core/Src/usart.c ****     HAL_GPIO_Init(GPIOD, &GPIO_InitStruct);
 218              		.loc 1 93 5 is_stmt 1 view .LVU65
  93:Core/Src/usart.c ****     HAL_GPIO_Init(GPIOD, &GPIO_InitStruct);
 219              		.loc 1 93 31 is_stmt 0 view .LVU66
 220 006c 0723     		movs	r3, #7
 221 006e 2793     		str	r3, [sp, #156]
  94:Core/Src/usart.c **** 
 222              		.loc 1 94 5 is_stmt 1 view .LVU67
 223 0070 23A9     		add	r1, sp, #140
 224 0072 0948     		ldr	r0, .L13+8
 225 0074 FFF7FEFF 		bl	HAL_GPIO_Init
 226              	.LVL9:
  97:Core/Src/usart.c ****     HAL_NVIC_EnableIRQ(USART3_IRQn);
 227              		.loc 1 97 5 view .LVU68
 228 0078 2246     		mov	r2, r4
 229 007a 0121     		movs	r1, #1
 230 007c 2720     		movs	r0, #39
 231 007e FFF7FEFF 		bl	HAL_NVIC_SetPriority
 232              	.LVL10:
  98:Core/Src/usart.c ****   /* USER CODE BEGIN USART3_MspInit 1 */
 233              		.loc 1 98 5 view .LVU69
 234 0082 2720     		movs	r0, #39
 235 0084 FFF7FEFF 		bl	HAL_NVIC_EnableIRQ
 236              	.LVL11:
 237              		.loc 1 103 1 is_stmt 0 view .LVU70
 238 0088 CBE7     		b	.L7
 239              	.LVL12:
 240              	.L12:
  78:Core/Src/usart.c ****     }
 241              		.loc 1 78 7 is_stmt 1 view .LVU71
 242 008a FFF7FEFF 		bl	Error_Handler
 243              	.LVL13:
 244 008e D1E7     		b	.L9
 245              	.L14:
 246              		.align	2
 247              	.L13:
 248 0090 00480040 		.word	1073760256
 249 0094 00380240 		.word	1073887232
 250 0098 000C0240 		.word	1073875968
 251              		.cfi_endproc
 252              	.LFE142:
 254              		.section	.text.HAL_UART_MspDeInit,"ax",%progbits
 255              		.align	1
 256              		.global	HAL_UART_MspDeInit
 257              		.syntax unified
 258              		.thumb
 259              		.thumb_func
 261              	HAL_UART_MspDeInit:
 262              	.LVL14:
 263              	.LFB143:
 104:Core/Src/usart.c **** 
 105:Core/Src/usart.c **** void HAL_UART_MspDeInit(UART_HandleTypeDef* uartHandle)
 106:Core/Src/usart.c **** {
 264              		.loc 1 106 1 view -0
ARM GAS  /tmp/ccu7U7Gr.s 			page 8


 265              		.cfi_startproc
 266              		@ args = 0, pretend = 0, frame = 0
 267              		@ frame_needed = 0, uses_anonymous_args = 0
 268              		.loc 1 106 1 is_stmt 0 view .LVU73
 269 0000 08B5     		push	{r3, lr}
 270              	.LCFI5:
 271              		.cfi_def_cfa_offset 8
 272              		.cfi_offset 3, -8
 273              		.cfi_offset 14, -4
 107:Core/Src/usart.c **** 
 108:Core/Src/usart.c ****   if(uartHandle->Instance==USART3)
 274              		.loc 1 108 3 is_stmt 1 view .LVU74
 275              		.loc 1 108 16 is_stmt 0 view .LVU75
 276 0002 0268     		ldr	r2, [r0]
 277              		.loc 1 108 5 view .LVU76
 278 0004 084B     		ldr	r3, .L19
 279 0006 9A42     		cmp	r2, r3
 280 0008 00D0     		beq	.L18
 281              	.LVL15:
 282              	.L15:
 109:Core/Src/usart.c ****   {
 110:Core/Src/usart.c ****   /* USER CODE BEGIN USART3_MspDeInit 0 */
 111:Core/Src/usart.c **** 
 112:Core/Src/usart.c ****   /* USER CODE END USART3_MspDeInit 0 */
 113:Core/Src/usart.c ****     /* Peripheral clock disable */
 114:Core/Src/usart.c ****     __HAL_RCC_USART3_CLK_DISABLE();
 115:Core/Src/usart.c **** 
 116:Core/Src/usart.c ****     /**USART3 GPIO Configuration
 117:Core/Src/usart.c ****     PD8     ------> USART3_TX
 118:Core/Src/usart.c ****     PD9     ------> USART3_RX
 119:Core/Src/usart.c ****     */
 120:Core/Src/usart.c ****     HAL_GPIO_DeInit(GPIOD, STLK_RX_Pin|STLK_TX_Pin);
 121:Core/Src/usart.c **** 
 122:Core/Src/usart.c ****     /* USART3 interrupt Deinit */
 123:Core/Src/usart.c ****     HAL_NVIC_DisableIRQ(USART3_IRQn);
 124:Core/Src/usart.c ****   /* USER CODE BEGIN USART3_MspDeInit 1 */
 125:Core/Src/usart.c **** 
 126:Core/Src/usart.c ****   /* USER CODE END USART3_MspDeInit 1 */
 127:Core/Src/usart.c ****   }
 128:Core/Src/usart.c **** }
 283              		.loc 1 128 1 view .LVU77
 284 000a 08BD     		pop	{r3, pc}
 285              	.LVL16:
 286              	.L18:
 114:Core/Src/usart.c **** 
 287              		.loc 1 114 5 is_stmt 1 view .LVU78
 288 000c 074A     		ldr	r2, .L19+4
 289 000e 136C     		ldr	r3, [r2, #64]
 290 0010 23F48023 		bic	r3, r3, #262144
 291 0014 1364     		str	r3, [r2, #64]
 120:Core/Src/usart.c **** 
 292              		.loc 1 120 5 view .LVU79
 293 0016 4FF44071 		mov	r1, #768
 294 001a 0548     		ldr	r0, .L19+8
 295              	.LVL17:
 120:Core/Src/usart.c **** 
 296              		.loc 1 120 5 is_stmt 0 view .LVU80
ARM GAS  /tmp/ccu7U7Gr.s 			page 9


 297 001c FFF7FEFF 		bl	HAL_GPIO_DeInit
 298              	.LVL18:
 123:Core/Src/usart.c ****   /* USER CODE BEGIN USART3_MspDeInit 1 */
 299              		.loc 1 123 5 is_stmt 1 view .LVU81
 300 0020 2720     		movs	r0, #39
 301 0022 FFF7FEFF 		bl	HAL_NVIC_DisableIRQ
 302              	.LVL19:
 303              		.loc 1 128 1 is_stmt 0 view .LVU82
 304 0026 F0E7     		b	.L15
 305              	.L20:
 306              		.align	2
 307              	.L19:
 308 0028 00480040 		.word	1073760256
 309 002c 00380240 		.word	1073887232
 310 0030 000C0240 		.word	1073875968
 311              		.cfi_endproc
 312              	.LFE143:
 314              		.global	huart3
 315              		.section	.bss.huart3,"aw",%nobits
 316              		.align	2
 317              		.set	.LANCHOR0,. + 0
 320              	huart3:
 321 0000 00000000 		.space	136
 321      00000000 
 321      00000000 
 321      00000000 
 321      00000000 
 322              		.text
 323              	.Letext0:
 324              		.file 2 "/usr/share/gcc-arm-none-eabi-10.3-2021.10/arm-none-eabi/include/machine/_default_types.h"
 325              		.file 3 "/usr/share/gcc-arm-none-eabi-10.3-2021.10/arm-none-eabi/include/sys/_stdint.h"
 326              		.file 4 "Drivers/CMSIS/Device/ST/STM32F7xx/Include/stm32f746xx.h"
 327              		.file 5 "Drivers/STM32F7xx_HAL_Driver/Inc/stm32f7xx_hal_def.h"
 328              		.file 6 "Drivers/STM32F7xx_HAL_Driver/Inc/stm32f7xx_hal_rcc_ex.h"
 329              		.file 7 "Drivers/STM32F7xx_HAL_Driver/Inc/stm32f7xx_hal_gpio.h"
 330              		.file 8 "Drivers/STM32F7xx_HAL_Driver/Inc/stm32f7xx_hal_dma.h"
 331              		.file 9 "Drivers/STM32F7xx_HAL_Driver/Inc/stm32f7xx_hal_uart.h"
 332              		.file 10 "Drivers/STM32F7xx_HAL_Driver/Inc/stm32f7xx_hal_cortex.h"
 333              		.file 11 "Core/Inc/main.h"
 334              		.file 12 "Core/Inc/usart.h"
 335              		.file 13 "<built-in>"
ARM GAS  /tmp/ccu7U7Gr.s 			page 10


DEFINED SYMBOLS
                            *ABS*:0000000000000000 usart.c
     /tmp/ccu7U7Gr.s:20     .text.MX_USART3_UART_Init:0000000000000000 $t
     /tmp/ccu7U7Gr.s:26     .text.MX_USART3_UART_Init:0000000000000000 MX_USART3_UART_Init
     /tmp/ccu7U7Gr.s:91     .text.MX_USART3_UART_Init:0000000000000030 $d
     /tmp/ccu7U7Gr.s:97     .text.HAL_UART_MspInit:0000000000000000 $t
     /tmp/ccu7U7Gr.s:103    .text.HAL_UART_MspInit:0000000000000000 HAL_UART_MspInit
     /tmp/ccu7U7Gr.s:248    .text.HAL_UART_MspInit:0000000000000090 $d
     /tmp/ccu7U7Gr.s:255    .text.HAL_UART_MspDeInit:0000000000000000 $t
     /tmp/ccu7U7Gr.s:261    .text.HAL_UART_MspDeInit:0000000000000000 HAL_UART_MspDeInit
     /tmp/ccu7U7Gr.s:308    .text.HAL_UART_MspDeInit:0000000000000028 $d
     /tmp/ccu7U7Gr.s:320    .bss.huart3:0000000000000000 huart3
     /tmp/ccu7U7Gr.s:316    .bss.huart3:0000000000000000 $d

UNDEFINED SYMBOLS
HAL_UART_Init
Error_Handler
memset
HAL_RCCEx_PeriphCLKConfig
HAL_GPIO_Init
HAL_NVIC_SetPriority
HAL_NVIC_EnableIRQ
HAL_GPIO_DeInit
HAL_NVIC_DisableIRQ
